app/build/intermediates/manifest_merge_blame_file/release/manifest-merger-blame-release-report.txt
1<?xml version="1.0" encoding="utf-8"?>
2<manifest xmlns:android="http://schemas.android.com/apk/res/android"
3    package="com.wbpxre150.shoppinglist"
4    android:versionCode="1"
5    android:versionName="1.0" >
6
7    <uses-sdk
8        android:minSdkVersion="24"
9        android:targetSdkVersion="34" />
10
11    <uses-permission android:name="android.permission.POST_NOTIFICATIONS" />
11-->src/main/AndroidManifest.xml:5:5-77
11-->src/main/AndroidManifest.xml:5:22-74
12    <uses-permission android:name="android.permission.SCHEDULE_EXACT_ALARM" />
12-->src/main/AndroidManifest.xml:6:5-79
12-->src/main/AndroidManifest.xml:6:22-76
13    <uses-permission android:name="android.permission.USE_EXACT_ALARM" />
13-->src/main/AndroidManifest.xml:7:5-74
13-->src/main/AndroidManifest.xml:7:22-71
14    <uses-permission android:name="android.permission.WAKE_LOCK" />
14-->src/main/AndroidManifest.xml:8:5-68
14-->src/main/AndroidManifest.xml:8:22-65
15    <uses-permission android:name="android.permission.RECEIVE_BOOT_COMPLETED" />
15-->src/main/AndroidManifest.xml:9:5-81
15-->src/main/AndroidManifest.xml:9:22-78
16
17    <permission
17-->[androidx.core:core:1.12.0] AndroidManifest.xml:22:5-24:47
18        android:name="com.wbpxre150.shoppinglist.DYNAMIC_RECEIVER_NOT_EXPORTED_PERMISSION"
18-->[androidx.core:core:1.12.0] AndroidManifest.xml:23:9-81
19        android:protectionLevel="signature" />
19-->[androidx.core:core:1.12.0] AndroidManifest.xml:24:9-44
20
21    <uses-permission android:name="com.wbpxre150.shoppinglist.DYNAMIC_RECEIVER_NOT_EXPORTED_PERMISSION" />
21-->[androidx.core:core:1.12.0] AndroidManifest.xml:26:5-97
21-->[androidx.core:core:1.12.0] AndroidManifest.xml:26:22-94
22
23    <application
23-->src/main/AndroidManifest.xml:11:5-101:19
24        android:name="com.wbpxre150.shoppinglist.ShoppingApplication"
24-->src/main/AndroidManifest.xml:12:9-44
25        android:allowBackup="true"
25-->src/main/AndroidManifest.xml:13:9-35
26        android:appComponentFactory="androidx.core.app.CoreComponentFactory"
26-->[androidx.core:core:1.12.0] AndroidManifest.xml:28:18-86
27        android:extractNativeLibs="false"
28        android:icon="@android:drawable/ic_menu_agenda"
28-->src/main/AndroidManifest.xml:14:9-56
29        android:label="@string/app_name"
29-->src/main/AndroidManifest.xml:15:9-41
30        android:supportsRtl="true"
30-->src/main/AndroidManifest.xml:16:9-35
31        android:theme="@style/Theme.ShoppingList" >
31-->src/main/AndroidManifest.xml:17:9-50
32        <activity
32-->src/main/AndroidManifest.xml:18:9-25:20
33            android:name="com.wbpxre150.shoppinglist.MainActivity"
33-->src/main/AndroidManifest.xml:19:13-41
34            android:exported="true" >
34-->src/main/AndroidManifest.xml:20:13-36
35            <intent-filter>
35-->src/main/AndroidManifest.xml:21:13-24:29
36                <action android:name="android.intent.action.MAIN" />
36-->src/main/AndroidManifest.xml:22:17-69
36-->src/main/AndroidManifest.xml:22:25-66
37
38                <category android:name="android.intent.category.LAUNCHER" />
38-->src/main/AndroidManifest.xml:23:17-77
38-->src/main/AndroidManifest.xml:23:27-74
39            </intent-filter>
40        </activity>
41        <activity
41-->src/main/AndroidManifest.xml:26:9-34:20
42            android:name="com.wbpxre150.shoppinglist.NewShoppingListActivity"
42-->src/main/AndroidManifest.xml:27:13-52
43            android:exported="false"
43-->src/main/AndroidManifest.xml:28:13-37
44            android:parentActivityName="com.wbpxre150.shoppinglist.MainActivity"
44-->src/main/AndroidManifest.xml:29:13-55
45            android:windowSoftInputMode="stateVisible" >
45-->src/main/AndroidManifest.xml:30:13-55
46            <meta-data
46-->src/main/AndroidManifest.xml:31:13-33:49
47                android:name="android.support.PARENT_ACTIVITY"
47-->src/main/AndroidManifest.xml:32:17-63
48                android:value=".MainActivity" />
48-->src/main/AndroidManifest.xml:33:17-46
49        </activity>
50        <activity
50-->src/main/AndroidManifest.xml:35:9-43:20
51            android:name="com.wbpxre150.shoppinglist.ShoppingListDetailActivity"
51-->src/main/AndroidManifest.xml:36:13-55
52            android:exported="false"
52-->src/main/AndroidManifest.xml:37:13-37
53            android:parentActivityName="com.wbpxre150.shoppinglist.MainActivity"
53-->src/main/AndroidManifest.xml:38:13-55
54            android:windowSoftInputMode="adjustResize" >
54-->src/main/AndroidManifest.xml:39:13-55
55            <meta-data
55-->src/main/AndroidManifest.xml:31:13-33:49
56                android:name="android.support.PARENT_ACTIVITY"
56-->src/main/AndroidManifest.xml:32:17-63
57                android:value=".MainActivity" />
57-->src/main/AndroidManifest.xml:33:17-46
58        </activity>
59        <activity
59-->src/main/AndroidManifest.xml:44:9-77:20
60            android:name="com.wbpxre150.shoppinglist.ImportListActivity"
60-->src/main/AndroidManifest.xml:45:13-47
61            android:exported="true"
61-->src/main/AndroidManifest.xml:46:13-36
62            android:launchMode="singleTop"
62-->src/main/AndroidManifest.xml:47:13-43
63            android:theme="@style/Theme.ShoppingList" >
63-->src/main/AndroidManifest.xml:48:13-54
64
65            <!-- Intent filter for opening .shoppinglist files by MIME type (preferred) -->
66            <intent-filter>
66-->src/main/AndroidManifest.xml:50:13-57:29
67                <action android:name="android.intent.action.VIEW" />
67-->src/main/AndroidManifest.xml:51:17-69
67-->src/main/AndroidManifest.xml:51:25-66
68
69                <category android:name="android.intent.category.DEFAULT" />
69-->src/main/AndroidManifest.xml:52:17-76
69-->src/main/AndroidManifest.xml:52:27-73
70                <category android:name="android.intent.category.BROWSABLE" />
70-->src/main/AndroidManifest.xml:53:17-78
70-->src/main/AndroidManifest.xml:53:27-75
71
72                <data android:scheme="file" />
72-->src/main/AndroidManifest.xml:54:17-47
72-->src/main/AndroidManifest.xml:54:23-44
73                <data android:scheme="content" />
73-->src/main/AndroidManifest.xml:54:17-47
73-->src/main/AndroidManifest.xml:54:23-44
74                <data android:mimeType="application/x-shoppinglist" />
74-->src/main/AndroidManifest.xml:54:17-47
74-->src/main/AndroidManifest.xml:56:23-68
75            </intent-filter>
76            <!-- Intent filter for opening .shoppinglist files by extension (fallback) -->
77            <intent-filter>
77-->src/main/AndroidManifest.xml:59:13-70:29
78                <action android:name="android.intent.action.VIEW" />
78-->src/main/AndroidManifest.xml:51:17-69
78-->src/main/AndroidManifest.xml:51:25-66
79
80                <category android:name="android.intent.category.DEFAULT" />
80-->src/main/AndroidManifest.xml:52:17-76
80-->src/main/AndroidManifest.xml:52:27-73
81                <category android:name="android.intent.category.BROWSABLE" />
81-->src/main/AndroidManifest.xml:53:17-78
81-->src/main/AndroidManifest.xml:53:27-75
82
83                <data android:scheme="file" />
83-->src/main/AndroidManifest.xml:54:17-47
83-->src/main/AndroidManifest.xml:54:23-44
84                <data android:scheme="content" />
84-->src/main/AndroidManifest.xml:54:17-47
84-->src/main/AndroidManifest.xml:54:23-44
85                <data android:host="*" />
85-->src/main/AndroidManifest.xml:54:17-47
85-->src/main/AndroidManifest.xml:65:23-39
86                <data android:pathPattern=".*\\.shoppinglist" />
86-->src/main/AndroidManifest.xml:54:17-47
86-->src/main/AndroidManifest.xml:66:23-62
87                <data android:pathPattern=".*\\..*\\.shoppinglist" />
87-->src/main/AndroidManifest.xml:54:17-47
87-->src/main/AndroidManifest.xml:66:23-62
88                <data android:pathPattern=".*\\..*\\..*\\.shoppinglist" />
88-->src/main/AndroidManifest.xml:54:17-47
88-->src/main/AndroidManifest.xml:66:23-62
89                <data android:pathPattern=".*\\..*\\..*\\..*\\.shoppinglist" />
89-->src/main/AndroidManifest.xml:54:17-47
89-->src/main/AndroidManifest.xml:66:23-62
90            </intent-filter>
91            <!-- Intent filter for receiving .shoppinglist files via share sheet -->
92            <intent-filter>
92-->src/main/AndroidManifest.xml:72:13-76:29
93                <action android:name="android.intent.action.SEND" />
93-->src/main/AndroidManifest.xml:73:17-69
93-->src/main/AndroidManifest.xml:73:25-66
94
95                <category android:name="android.intent.category.DEFAULT" />
95-->src/main/AndroidManifest.xml:52:17-76
95-->src/main/AndroidManifest.xml:52:27-73
96
97                <data android:mimeType="application/x-shoppinglist" />
97-->src/main/AndroidManifest.xml:54:17-47
97-->src/main/AndroidManifest.xml:56:23-68
98            </intent-filter>
99        </activity>
100
101        <provider
102            android:name="androidx.core.content.FileProvider"
102-->src/main/AndroidManifest.xml:80:13-62
103            android:authorities="com.wbpxre150.shoppinglist.fileprovider"
103-->src/main/AndroidManifest.xml:81:13-64
104            android:exported="false"
104-->src/main/AndroidManifest.xml:82:13-37
105            android:grantUriPermissions="true" >
105-->src/main/AndroidManifest.xml:83:13-47
106            <meta-data
106-->src/main/AndroidManifest.xml:84:13-86:54
107                android:name="android.support.FILE_PROVIDER_PATHS"
107-->src/main/AndroidManifest.xml:85:17-67
108                android:resource="@xml/file_paths" />
108-->src/main/AndroidManifest.xml:86:17-51
109            <meta-data
109-->src/main/AndroidManifest.xml:87:13-89:54
110                android:name="android.support.FILE_PROVIDER_MIME_TYPES"
110-->src/main/AndroidManifest.xml:88:17-72
111                android:resource="@xml/mime_types" />
111-->src/main/AndroidManifest.xml:89:17-51
112        </provider>
113
114        <receiver
114-->src/main/AndroidManifest.xml:92:9-93:40
115            android:name="com.wbpxre150.shoppinglist.notifications.NotificationReceiver"
115-->src/main/AndroidManifest.xml:92:19-69
116            android:exported="false" />
116-->src/main/AndroidManifest.xml:93:13-37
117        <receiver
117-->src/main/AndroidManifest.xml:95:9-100:20
118            android:name="com.wbpxre150.shoppinglist.notifications.BootReceiver"
118-->src/main/AndroidManifest.xml:95:19-61
119            android:exported="true" >
119-->src/main/AndroidManifest.xml:96:13-36
120            <intent-filter>
120-->src/main/AndroidManifest.xml:97:13-99:29
121                <action android:name="android.intent.action.BOOT_COMPLETED" />
121-->src/main/AndroidManifest.xml:98:17-79
121-->src/main/AndroidManifest.xml:98:25-76
122            </intent-filter>
123        </receiver>
124
125        <provider
125-->[androidx.emoji2:emoji2:1.2.0] AndroidManifest.xml:24:9-32:20
126            android:name="androidx.startup.InitializationProvider"
126-->[androidx.emoji2:emoji2:1.2.0] AndroidManifest.xml:25:13-67
127            android:authorities="com.wbpxre150.shoppinglist.androidx-startup"
127-->[androidx.emoji2:emoji2:1.2.0] AndroidManifest.xml:26:13-68
128            android:exported="false" >
128-->[androidx.emoji2:emoji2:1.2.0] AndroidManifest.xml:27:13-37
129            <meta-data
129-->[androidx.emoji2:emoji2:1.2.0] AndroidManifest.xml:29:13-31:52
130                android:name="androidx.emoji2.text.EmojiCompatInitializer"
130-->[androidx.emoji2:emoji2:1.2.0] AndroidManifest.xml:30:17-75
131                android:value="androidx.startup" />
131-->[androidx.emoji2:emoji2:1.2.0] AndroidManifest.xml:31:17-49
132            <meta-data
132-->[androidx.lifecycle:lifecycle-process:2.6.2] AndroidManifest.xml:29:13-31:52
133                android:name="androidx.lifecycle.ProcessLifecycleInitializer"
133-->[androidx.lifecycle:lifecycle-process:2.6.2] AndroidManifest.xml:30:17-78
134                android:value="androidx.startup" />
134-->[androidx.lifecycle:lifecycle-process:2.6.2] AndroidManifest.xml:31:17-49
135            <meta-data
135-->[androidx.profileinstaller:profileinstaller:1.3.0] AndroidManifest.xml:29:13-31:52
136                android:name="androidx.profileinstaller.ProfileInstallerInitializer"
136-->[androidx.profileinstaller:profileinstaller:1.3.0] AndroidManifest.xml:30:17-85
137                android:value="androidx.startup" />
137-->[androidx.profileinstaller:profileinstaller:1.3.0] AndroidManifest.xml:31:17-49
138        </provider>
139
140        <service
140-->[androidx.room:room-runtime:2.6.0] AndroidManifest.xml:24:9-28:63
141            android:name="androidx.room.MultiInstanceInvalidationService"
141-->[androidx.room:room-runtime:2.6.0] AndroidManifest.xml:25:13-74
142            android:directBootAware="true"
142-->[androidx.room:room-runtime:2.6.0] AndroidManifest.xml:26:13-43
143            android:exported="false" />
143-->[androidx.room:room-runtime:2.6.0] AndroidManifest.xml:27:13-37
144
145        <receiver
145-->[androidx.profileinstaller:profileinstaller:1.3.0] AndroidManifest.xml:34:9-52:20
146            android:name="androidx.profileinstaller.ProfileInstallReceiver"
146-->[androidx.profileinstaller:profileinstaller:1.3.0] AndroidManifest.xml:35:13-76
147            android:directBootAware="false"
147-->[androidx.profileinstaller:profileinstaller:1.3.0] AndroidManifest.xml:36:13-44
148            android:enabled="true"
148-->[androidx.profileinstaller:profileinstaller:1.3.0] AndroidManifest.xml:37:13-35
149            android:exported="true"
149-->[androidx.profileinstaller:profileinstaller:1.3.0] AndroidManifest.xml:38:13-36
150            android:permission="android.permission.DUMP" >
150-->[androidx.profileinstaller:profileinstaller:1.3.0] AndroidManifest.xml:39:13-57
151            <intent-filter>
151-->[androidx.profileinstaller:profileinstaller:1.3.0] AndroidManifest.xml:40:13-42:29
152                <action android:name="androidx.profileinstaller.action.INSTALL_PROFILE" />
152-->[androidx.profileinstaller:profileinstaller:1.3.0] AndroidManifest.xml:41:17-91
152-->[androidx.profileinstaller:profileinstaller:1.3.0] AndroidManifest.xml:41:25-88
153            </intent-filter>
154            <intent-filter>
154-->[androidx.profileinstaller:profileinstaller:1.3.0] AndroidManifest.xml:43:13-45:29
155                <action android:name="androidx.profileinstaller.action.SKIP_FILE" />
155-->[androidx.profileinstaller:profileinstaller:1.3.0] AndroidManifest.xml:44:17-85
155-->[androidx.profileinstaller:profileinstaller:1.3.0] AndroidManifest.xml:44:25-82
156            </intent-filter>
157            <intent-filter>
157-->[androidx.profileinstaller:profileinstaller:1.3.0] AndroidManifest.xml:46:13-48:29
158                <action android:name="androidx.profileinstaller.action.SAVE_PROFILE" />
158-->[androidx.profileinstaller:profileinstaller:1.3.0] AndroidManifest.xml:47:17-88
158-->[androidx.profileinstaller:profileinstaller:1.3.0] AndroidManifest.xml:47:25-85
159            </intent-filter>
160            <intent-filter>
160-->[androidx.profileinstaller:profileinstaller:1.3.0] AndroidManifest.xml:49:13-51:29
161                <action android:name="androidx.profileinstaller.action.BENCHMARK_OPERATION" />
161-->[androidx.profileinstaller:profileinstaller:1.3.0] AndroidManifest.xml:50:17-95
161-->[androidx.profileinstaller:profileinstaller:1.3.0] AndroidManifest.xml:50:25-92
162            </intent-filter>
163        </receiver>
164    </application>
165
166</manifest>